Using pre-set license
Built from '2022.1/staging' branch; Version is '2022.1.19f1 (2fd7b40534d1) revision 3135412'; Using compiler version '192829333'; Build Type 'Release'
OS: 'Windows 11  (10.0.22000) 64bit CoreSingleLanguage' Language: 'en' Physical Memory: 7959 MB
BatchMode: 1, IsHumanControllingUs: 0, StartBugReporterOnCrash: 0, Is64bit: 1, IsPro: 1

COMMAND LINE ARGUMENTS:
C:\Program Files\Unity\Hub\Editor\2022.1.19f1\Editor\Unity.exe
-adb2
-batchMode
-noUpm
-name
AssetImportWorker5
-projectPath
C:/Users/Monika/Jungle run 2
-logFile
Logs/AssetImportWorker5.log
-srvPort
50084
Successfully changed project path to: C:/Users/Monika/Jungle run 2
C:/Users/Monika/Jungle run 2
[UnityMemory] Configuration Parameters - Can be set up in boot.config
    "memorysetup-bucket-allocator-granularity=16"
    "memorysetup-bucket-allocator-bucket-count=8"
    "memorysetup-bucket-allocator-block-size=33554432"
    "memorysetup-bucket-allocator-block-count=8"
    "memorysetup-main-allocator-block-size=16777216"
    "memorysetup-thread-allocator-block-size=16777216"
    "memorysetup-gfx-main-allocator-block-size=16777216"
    "memorysetup-gfx-thread-allocator-block-size=16777216"
    "memorysetup-cache-allocator-block-size=4194304"
    "memorysetup-typetree-allocator-block-size=2097152"
    "memorysetup-profiler-bucket-allocator-granularity=16"
    "memorysetup-profiler-bucket-allocator-bucket-count=8"
    "memorysetup-profiler-bucket-allocator-block-size=33554432"
    "memorysetup-profiler-bucket-allocator-block-count=8"
    "memorysetup-profiler-allocator-block-size=16777216"
    "memorysetup-profiler-editor-allocator-block-size=1048576"
    "memorysetup-temp-allocator-size-main=16777216"
    "memorysetup-job-temp-allocator-block-size=2097152"
    "memorysetup-job-temp-allocator-block-size-background=1048576"
    "memorysetup-job-temp-allocator-reduction-small-platforms=262144"
    "memorysetup-temp-allocator-size-background-worker=32768"
    "memorysetup-temp-allocator-size-job-worker=262144"
    "memorysetup-temp-allocator-size-preload-manager=33554432"
    "memorysetup-temp-allocator-size-nav-mesh-worker=65536"
    "memorysetup-temp-allocator-size-audio-worker=65536"
    "memorysetup-temp-allocator-size-cloud-worker=32768"
    "memorysetup-temp-allocator-size-gi-baking-worker=262144"
    "memorysetup-temp-allocator-size-gfx=262144"
Refreshing native plugins compatible for Editor in 229.81 ms, found 4 plugins.
Preloading 0 native plugins for Editor in 0.00 ms.
Initialize engine version: 2022.1.19f1 (2fd7b40534d1)
[Subsystems] Discovering subsystems at path C:/Program Files/Unity/Hub/Editor/2022.1.19f1/Editor/Data/Resources/UnitySubsystems
[Subsystems] Discovering subsystems at path C:/Users/Monika/Jungle run 2/Assets
GfxDevice: creating device client; threaded=0; jobified=0
Direct3D:
    Version:  Direct3D 11.0 [level 11.1]
    Renderer: Intel(R) UHD Graphics (ID=0x8a56)
    Vendor:   Intel
    VRAM:     3979 MB
    Driver:   27.20.100.9365
Initialize mono
Mono path[0] = 'C:/Program Files/Unity/Hub/Editor/2022.1.19f1/Editor/Data/Managed'
Mono path[1] = 'C:/Program Files/Unity/Hub/Editor/2022.1.19f1/Editor/Data/MonoBleedingEdge/lib/mono/unityjit-win32'
Mono config path = 'C:/Program Files/Unity/Hub/Editor/2022.1.19f1/Editor/Data/MonoBleedingEdge/etc'
Using monoOptions --debugger-agent=transport=dt_socket,embedding=1,server=y,suspend=n,address=127.0.0.1:56468
Begin MonoManager ReloadAssembly
Registering precompiled unity dll's ...
Register platform support module: C:/Program Files/Unity/Hub/Editor/2022.1.19f1/Editor/Data/PlaybackEngines/AndroidPlayer/UnityEditor.Android.Extensions.dll
Register platform support module: C:/Program Files/Unity/Hub/Editor/2022.1.19f1/Editor/Data/PlaybackEngines/WindowsStandaloneSupport/UnityEditor.WindowsStandalone.Extensions.dll
Registered in 0.015997 seconds.
Native extension for WindowsStandalone target not found
Native extension for Android target not found
Refreshing native plugins compatible for Editor in 241.55 ms, found 4 plugins.
Preloading 0 native plugins for Editor in 0.00 ms.
Mono: successfully reloaded assembly
- Completed reload, in  1.902 seconds
Domain Reload Profiling:
	ReloadAssembly (1905ms)
		BeginReloadAssembly (250ms)
			ExecutionOrderSort (0ms)
			DisableScriptedObjects (0ms)
			BackupInstance (0ms)
			ReleaseScriptingObjects (0ms)
			CreateAndSetChildDomain (2ms)
		EndReloadAssembly (1363ms)
			LoadAssemblies (247ms)
			RebuildTransferFunctionScriptingTraits (0ms)
			SetupTypeCache (269ms)
				TypeCache.Initialize (267ms)
					TypeCache.ScanAssembly (264ms)
				ResolveRequiredComponents (1ms)
			ReleaseScriptCaches (0ms)
			RebuildScriptCaches (107ms)
			SetupLoadedEditorAssemblies (857ms)
				LogAssemblyErrors (0ms)
				InitializePlatformSupportModulesInManaged (124ms)
				SetLoadedEditorAssemblies (16ms)
				RefreshPlugins (242ms)
				BeforeProcessingInitializeOnLoad (3ms)
				ProcessInitializeOnLoadAttributes (263ms)
				ProcessInitializeOnLoadMethodAttributes (208ms)
				AfterProcessingInitializeOnLoad (0ms)
				EditorAssembliesLoaded (0ms)
			ExecutionOrderSort2 (0ms)
			AwakeInstancesAfterBackupRestoration (0ms)
Platform modules already initialized, skipping
Registering precompiled user dll's ...
Registered in 0.047393 seconds.
Android Extension - Scanning For ADB Devices 5860 ms
Begin MonoManager ReloadAssembly
Symbol file LoadedFromMemory doesn't match image C:\Users\Monika\Jungle run 2\Library\PackageCache\com.unity.visualscripting@1.7.8\Editor\VisualScripting.Core\Dependencies\YamlDotNet\Unity.VisualScripting.YamlDotNet.dll
Symbol file LoadedFromMemory doesn't match image C:\Users\Monika\Jungle run 2\Library\PackageCache\com.unity.visualscripting@1.7.8\Editor\VisualScripting.Core\Dependencies\DotNetZip\Unity.VisualScripting.IonicZip.dll
Native extension for WindowsStandalone target not found
Native extension for Android target not found
Refreshing native plugins compatible for Editor in 236.79 ms, found 4 plugins.
Preloading 0 native plugins for Editor in 0.00 ms.
Mono: successfully reloaded assembly
- Completed reload, in  7.229 seconds
Domain Reload Profiling:
	ReloadAssembly (7231ms)
		BeginReloadAssembly (327ms)
			ExecutionOrderSort (0ms)
			DisableScriptedObjects (12ms)
			BackupInstance (0ms)
			ReleaseScriptingObjects (0ms)
			CreateAndSetChildDomain (42ms)
		EndReloadAssembly (6609ms)
			LoadAssemblies (265ms)
			RebuildTransferFunctionScriptingTraits (0ms)
			SetupTypeCache (4423ms)
				TypeCache.Initialize (4414ms)
					TypeCache.ScanAssembly (4403ms)
				ResolveRequiredComponents (9ms)
			ReleaseScriptCaches (1ms)
			RebuildScriptCaches (101ms)
			SetupLoadedEditorAssemblies (1720ms)
				LogAssemblyErrors (0ms)
				InitializePlatformSupportModulesInManaged (44ms)
				SetLoadedEditorAssemblies (26ms)
				RefreshPlugins (237ms)
				BeforeProcessingInitializeOnLoad (255ms)
				ProcessInitializeOnLoadAttributes (1074ms)
				ProcessInitializeOnLoadMethodAttributes (76ms)
				AfterProcessingInitializeOnLoad (8ms)
				EditorAssembliesLoaded (0ms)
			ExecutionOrderSort2 (0ms)
			AwakeInstancesAfterBackupRestoration (9ms)
Platform modules already initialized, skipping
========================================================================
Worker process is ready to serve import requests
Launched and connected shader compiler UnityShaderCompiler.exe after 0.17 seconds
Refreshing native plugins compatible for Editor in 3.95 ms, found 4 plugins.
Preloading 0 native plugins for Editor in 0.00 ms.
Unloading 4261 Unused Serialized files (Serialized files now loaded: 0)
Unloading 53 unused Assets / (58.3 KB). Loaded Objects now: 4710.
Memory consumption went from 0.65 GB to 0.65 GB.
Total: 5.927100 ms (FindLiveObjects: 0.616300 ms CreateObjectMapping: 0.560900 ms MarkObjects: 4.613300 ms  DeleteObjects: 0.133700 ms)

AssetImportParameters requested are different than current active one (requested -> active):
  custom:video-decoder-ogg-theora: a1e56fd34408186e4bbccfd4996cb3dc -> 
  custom:container-muxer-webm: aa71ff27fc2769a1b78a27578f13a17b -> 
  custom:container-demuxer-webm: 4f35f7cbe854078d1ac9338744f61a02 -> 
  custom:video-encoder-webm-vp8: eb34c28f22e8b96e1ab97ce403110664 -> 
  custom:video-codec-MediaFoundation-h265: 746d11721c4dcdbdad8f713fa42b33f4 -> 
  custom:audio-encoder-webm-vorbis: bf7c407c2cedff20999df2af8eb42d56 -> 
  custom:framework-win-MediaFoundation: 216162199b28c13a410421893ffa2e32 -> 
  custom:container-demuxer-ogg: 62fdf1f143b41e24485cea50d1cbac27 -> 
  custom:video-decoder-webm-vp8: 9c59270c3fd7afecdb556c50c9e8de78 -> 
  custom:audio-decoder-ogg-vorbis: bf7c407c2cedff20999df2af8eb42d56 -> 
========================================================================
Received Import Request.
  Time since last request: 90468.098927 seconds.
  path: Assets/Scripts/SwipeManager.cs
  artifactKey: Guid(7bb10eab81caf224f9797a2432c3f356) Importer(815301076,1909f56bfc062723c751e8b465ee728b)
Start importing Assets/Scripts/SwipeManager.cs using Guid(7bb10eab81caf224f9797a2432c3f356) Importer(815301076,1909f56bfc062723c751e8b465ee728b)  -> (artifact id: '4724a94acfc356f6cece36accbfa16cb') in 0.169322 seconds 
========================================================================
Received Prepare
Registering precompiled user dll's ...
Registered in 1.150697 seconds.
Begin MonoManager ReloadAssembly
Symbol file LoadedFromMemory doesn't match image C:\Users\Monika\Jungle run 2\Library\PackageCache\com.unity.visualscripting@1.7.8\Editor\VisualScripting.Core\Dependencies\YamlDotNet\Unity.VisualScripting.YamlDotNet.dll
Symbol file LoadedFromMemory doesn't match image C:\Users\Monika\Jungle run 2\Library\PackageCache\com.unity.visualscripting@1.7.8\Editor\VisualScripting.Core\Dependencies\DotNetZip\Unity.VisualScripting.IonicZip.dll
Native extension for WindowsStandalone target not found
Native extension for Android target not found
Refreshing native plugins compatible for Editor in 2.47 ms, found 4 plugins.
Preloading 0 native plugins for Editor in 0.00 ms.
Mono: successfully reloaded assembly
- Completed reload, in 43.754 seconds
Domain Reload Profiling:
	ReloadAssembly (44105ms)
		BeginReloadAssembly (36034ms)
			ExecutionOrderSort (0ms)
			DisableScriptedObjects (8650ms)
			BackupInstance (0ms)
			ReleaseScriptingObjects (0ms)
			CreateAndSetChildDomain (14561ms)
		EndReloadAssembly (6401ms)
			LoadAssemblies (3829ms)
			RebuildTransferFunctionScriptingTraits (52ms)
			SetupTypeCache (2751ms)
				TypeCache.Initialize (2743ms)
					TypeCache.ScanAssembly (1821ms)
				ResolveRequiredComponents (8ms)
			ReleaseScriptCaches (4ms)
			RebuildScriptCaches (306ms)
			SetupLoadedEditorAssemblies (2030ms)
				LogAssemblyErrors (0ms)
				InitializePlatformSupportModulesInManaged (95ms)
				SetLoadedEditorAssemblies (207ms)
				RefreshPlugins (3ms)
				BeforeProcessingInitializeOnLoad (770ms)
				ProcessInitializeOnLoadAttributes (782ms)
				ProcessInitializeOnLoadMethodAttributes (166ms)
				AfterProcessingInitializeOnLoad (8ms)
				EditorAssembliesLoaded (0ms)
			ExecutionOrderSort2 (0ms)
			AwakeInstancesAfterBackupRestoration (10ms)
Platform modules already initialized, skipping

=================================================================
	Native Crash Reporting
=================================================================
Got a UNKNOWN while executing native code. This usually indicates
a fatal error in the mono runtime or one of the native libraries 
used by your application.
=================================================================

=================================================================
	Managed Stacktrace:
=================================================================
=================================================================
Received signal SIGSEGV
Obtained 46 stack frames
0x00007ffb21d79f6c (igd10iumd64) OpenAdapter10_2
0x00007ffb21d773bc (igd10iumd64) OpenAdapter10_2
0x00007ffb21d771dd (igd10iumd64) OpenAdapter10_2
0x00007ffb21cb9a45 (igd10iumd64) 
0x00007ffb21cfdcbf (igd10iumd64) 
0x00007ffb21c302e8 (igd10iumd64) 
0x00007ffb21c3023a (igd10iumd64) 
0x00007ffb21c3017d (igd10iumd64) 
0x00007ffb21c8b791 (igd10iumd64) 
0x00007ffb280215f6 (d3d11) D3D11CoreCreateDevice
0x00007ffb27ff94e1 (d3d11) D3D11CoreCreateDevice
0x00007ffb27ff929d (d3d11) D3D11CoreCreateDevice
0x00007ffb280146d2 (d3d11) D3D11CoreCreateDevice
0x00007ffb2801230a (d3d11) D3D11CoreCreateDevice
0x00007ffb28012982 (d3d11) D3D11CoreCreateDevice
0x00007ffb2802100a (d3d11) D3D11CoreCreateDevice
0x00007ffb28020f65 (d3d11) D3D11CoreCreateDevice
0x00007ffb28020d38 (d3d11) D3D11CoreCreateDevice
0x00007ff636830b68 (Unity) D3D11VertexShader::Create
0x00007ff63682bb78 (Unity) D3D11VertexShader::D3D11VertexShader
0x00007ff636632427 (Unity) CreateGpuProgram
0x00007ff6368c9668 (Unity) GfxDeviceClient::CreateGpuProgram
0x00007ff6364c76f5 (Unity) ShaderLab::SubProgram::Compile
0x00007ff6371795e0 (Unity) FinalizeVariant
0x00007ff63717a4ab (Unity) GetSubProgramForShaderSnippet
0x00007ff6364c7f8a (Unity) ShaderLab::Program::CompileShaderSubProgram
0x00007ff6364c90b8 (Unity) ShaderLab::Program::GetMatchingSubProgram
0x00007ff6364d0056 (Unity) ShaderLab::ShaderState::FindSubProgramsToUse
0x00007ff6364c311a (Unity) ShaderLab::Pass::PrepareVariant
0x00007ff6364b2c3b (Unity) ShaderVariantCollection::WarmupOneShaderImpl
0x00007ff6364b34cb (Unity) ShaderVariantCollection::WarmupShadersImpl
0x00007ff6371893a6 (Unity) WarmupEditorShaders
0x00007ff637e8d3ae (Unity) Shader::ReloadAllShaders
0x00007ff637b19c8b (Unity) <lambda_f586749871dc2f4b36dca2d21a52c840>::operator()
0x00007ff637b59d42 (Unity) asio::detail::completion_handler<core::mutable_function<void __cdecl(void)>,asio::io_context::basic_executor_type<std::allocator<void>,0> >::do_complete
0x00007ff637b45b5e (Unity) asio::detail::win_iocp_io_context::do_one
0x00007ff637b47854 (Unity) asio::detail::win_iocp_io_context::run
0x00007ff637b580fe (Unity) IOService::Run
0x00007ff637b29acf (Unity) AssetImportWorkerClient::Run
0x00007ff637af4343 (Unity) RunAssetImportWorkerClientV2
0x00007ff637af43cb (Unity) RunAssetImporterV2
0x00007ff6372fe0f5 (Unity) Application::InitializeProject
0x00007ff63777584b (Unity) WinMain
0x00007ff638aeb45e (Unity) __scrt_common_main_seh
0x00007ffb2ee155a0 (KERNEL32) BaseThreadInitThunk
0x00007ffb306e485b (ntdll) RtlUserThreadStart

